<?xml version="1.0" encoding="UTF-8"?>
<!-- Generated by org.testng.reporters.JUnitReportReporter -->
<testsuite hostname="Linh-MacBook-Air.local" failures="0" tests="1" name="tests.CheckBoxTest" time="7.937" errors="0" timestamp="2022-08-17T20:47:15 ICT" skipped="0">
  <testcase classname="tests.CheckBoxTest" name="verifyCheckAll" time="7.937"/>
  <system-out/>
</testsuite> <!-- tests.CheckBoxTest -->
