<?xml version="1.0" encoding="UTF-8"?>
<!-- Generated by org.testng.reporters.JUnitReportReporter -->
<testsuite hostname="Linh-MacBook-Air.local" failures="0" tests="1" name="tests.WebTableTest" time="13.141" errors="0" timestamp="2022-09-23T12:04:53 ICT" skipped="0">
  <testcase classname="tests.WebTableTest" name="verifyTextAfterSubmit" time="13.141"/>
  <system-out/>
</testsuite> <!-- tests.WebTableTest -->
